<?xml version="1.0" encoding="UTF-8"?>
<testsuite xmlns:xsi="http://www.w3.org/2001/XMLSchema-instance" xsi:noNamespaceSchemaLocation="https://maven.apache.org/surefire/maven-surefire-plugin/xsd/surefire-test-report-3.0.xsd" version="3.0" name="com.example.AppTest" time="0.011" tests="1" errors="0" skipped="0" failures="0">
  <properties>
    <property name="java.specification.version" value="19"/>
    <property name="sun.jnu.encoding" value="UTF-8"/>
    <property name="java.class.path" value="/Users/irems-pc/Desktop/codinggg/java/kafka-java/target/test-classes:/Users/irems-pc/Desktop/codinggg/java/kafka-java/target/classes:/Users/irems-pc/.m2/repository/junit/junit/3.8.1/junit-3.8.1.jar:/Users/irems-pc/.m2/repository/org/apache/kafka/kafka_2.13/3.7.2/kafka_2.13-3.7.2.jar:/Users/irems-pc/.m2/repository/org/apache/kafka/kafka-clients/3.7.2/kafka-clients-3.7.2.jar:/Users/irems-pc/.m2/repository/com/github/luben/zstd-jni/1.5.6-4/zstd-jni-1.5.6-4.jar:/Users/irems-pc/.m2/repository/org/lz4/lz4-java/1.8.0/lz4-java-1.8.0.jar:/Users/irems-pc/.m2/repository/org/xerial/snappy/snappy-java/1.1.10.5/snappy-java-1.1.10.5.jar:/Users/irems-pc/.m2/repository/org/scala-lang/scala-library/2.13.12/scala-library-2.13.12.jar:/Users/irems-pc/.m2/repository/org/apache/kafka/kafka-server-common/3.7.2/kafka-server-common-3.7.2.jar:/Users/irems-pc/.m2/repository/org/pcollections/pcollections/4.0.1/pcollections-4.0.1.jar:/Users/irems-pc/.m2/repository/org/apache/kafka/kafka-group-coordinator/3.7.2/kafka-group-coordinator-3.7.2.jar:/Users/irems-pc/.m2/repository/org/apache/kafka/kafka-metadata/3.7.2/kafka-metadata-3.7.2.jar:/Users/irems-pc/.m2/repository/org/apache/kafka/kafka-storage-api/3.7.2/kafka-storage-api-3.7.2.jar:/Users/irems-pc/.m2/repository/org/apache/kafka/kafka-tools-api/3.7.2/kafka-tools-api-3.7.2.jar:/Users/irems-pc/.m2/repository/org/apache/kafka/kafka-raft/3.7.2/kafka-raft-3.7.2.jar:/Users/irems-pc/.m2/repository/org/apache/kafka/kafka-storage/3.7.2/kafka-storage-3.7.2.jar:/Users/irems-pc/.m2/repository/com/github/ben-manes/caffeine/caffeine/2.9.3/caffeine-2.9.3.jar:/Users/irems-pc/.m2/repository/org/checkerframework/checker-qual/3.19.0/checker-qual-3.19.0.jar:/Users/irems-pc/.m2/repository/com/google/errorprone/error_prone_annotations/2.10.0/error_prone_annotations-2.10.0.jar:/Users/irems-pc/.m2/repository/org/apache/kafka/kafka-server/3.7.2/kafka-server-3.7.2.jar:/Users/irems-pc/.m2/repository/net/sourceforge/argparse4j/argparse4j/0.7.0/argparse4j-0.7.0.jar:/Users/irems-pc/.m2/repository/commons-validator/commons-validator/1.7/commons-validator-1.7.jar:/Users/irems-pc/.m2/repository/commons-beanutils/commons-beanutils/1.9.4/commons-beanutils-1.9.4.jar:/Users/irems-pc/.m2/repository/commons-digester/commons-digester/2.1/commons-digester-2.1.jar:/Users/irems-pc/.m2/repository/commons-logging/commons-logging/1.2/commons-logging-1.2.jar:/Users/irems-pc/.m2/repository/commons-collections/commons-collections/3.2.2/commons-collections-3.2.2.jar:/Users/irems-pc/.m2/repository/com/fasterxml/jackson/core/jackson-databind/2.16.2/jackson-databind-2.16.2.jar:/Users/irems-pc/.m2/repository/com/fasterxml/jackson/core/jackson-annotations/2.16.2/jackson-annotations-2.16.2.jar:/Users/irems-pc/.m2/repository/com/fasterxml/jackson/core/jackson-core/2.16.2/jackson-core-2.16.2.jar:/Users/irems-pc/.m2/repository/com/fasterxml/jackson/module/jackson-module-scala_2.13/2.16.2/jackson-module-scala_2.13-2.16.2.jar:/Users/irems-pc/.m2/repository/com/thoughtworks/paranamer/paranamer/2.8/paranamer-2.8.jar:/Users/irems-pc/.m2/repository/com/fasterxml/jackson/dataformat/jackson-dataformat-csv/2.16.2/jackson-dataformat-csv-2.16.2.jar:/Users/irems-pc/.m2/repository/com/fasterxml/jackson/datatype/jackson-datatype-jdk8/2.16.2/jackson-datatype-jdk8-2.16.2.jar:/Users/irems-pc/.m2/repository/net/sf/jopt-simple/jopt-simple/5.0.4/jopt-simple-5.0.4.jar:/Users/irems-pc/.m2/repository/org/bitbucket/b_c/jose4j/0.9.4/jose4j-0.9.4.jar:/Users/irems-pc/.m2/repository/com/yammer/metrics/metrics-core/2.2.0/metrics-core-2.2.0.jar:/Users/irems-pc/.m2/repository/org/scala-lang/modules/scala-collection-compat_2.13/2.10.0/scala-collection-compat_2.13-2.10.0.jar:/Users/irems-pc/.m2/repository/org/scala-lang/modules/scala-java8-compat_2.13/1.0.2/scala-java8-compat_2.13-1.0.2.jar:/Users/irems-pc/.m2/repository/org/scala-lang/scala-reflect/2.13.12/scala-reflect-2.13.12.jar:/Users/irems-pc/.m2/repository/com/typesafe/scala-logging/scala-logging_2.13/3.9.4/scala-logging_2.13-3.9.4.jar:/Users/irems-pc/.m2/repository/org/slf4j/slf4j-api/1.7.36/slf4j-api-1.7.36.jar:/Users/irems-pc/.m2/repository/commons-io/commons-io/2.14.0/commons-io-2.14.0.jar:/Users/irems-pc/.m2/repository/io/dropwizard/metrics/metrics-core/4.1.12.1/metrics-core-4.1.12.1.jar:/Users/irems-pc/.m2/repository/org/apache/zookeeper/zookeeper/3.8.4/zookeeper-3.8.4.jar:/Users/irems-pc/.m2/repository/org/apache/zookeeper/zookeeper-jute/3.8.4/zookeeper-jute-3.8.4.jar:/Users/irems-pc/.m2/repository/org/apache/yetus/audience-annotations/0.12.0/audience-annotations-0.12.0.jar:/Users/irems-pc/.m2/repository/io/netty/netty-handler/4.1.105.Final/netty-handler-4.1.105.Final.jar:/Users/irems-pc/.m2/repository/io/netty/netty-common/4.1.105.Final/netty-common-4.1.105.Final.jar:/Users/irems-pc/.m2/repository/io/netty/netty-resolver/4.1.105.Final/netty-resolver-4.1.105.Final.jar:/Users/irems-pc/.m2/repository/io/netty/netty-buffer/4.1.105.Final/netty-buffer-4.1.105.Final.jar:/Users/irems-pc/.m2/repository/io/netty/netty-transport/4.1.105.Final/netty-transport-4.1.105.Final.jar:/Users/irems-pc/.m2/repository/io/netty/netty-transport-native-unix-common/4.1.105.Final/netty-transport-native-unix-common-4.1.105.Final.jar:/Users/irems-pc/.m2/repository/io/netty/netty-codec/4.1.105.Final/netty-codec-4.1.105.Final.jar:/Users/irems-pc/.m2/repository/io/netty/netty-transport-native-epoll/4.1.105.Final/netty-transport-native-epoll-4.1.105.Final.jar:/Users/irems-pc/.m2/repository/io/netty/netty-transport-classes-epoll/4.1.105.Final/netty-transport-classes-epoll-4.1.105.Final.jar:/Users/irems-pc/.m2/repository/commons-cli/commons-cli/1.4/commons-cli-1.4.jar:"/>
    <property name="java.vm.vendor" value="Oracle Corporation"/>
    <property name="sun.arch.data.model" value="64"/>
    <property name="java.vendor.url" value="https://java.oracle.com/"/>
    <property name="os.name" value="Mac OS X"/>
    <property name="java.vm.specification.version" value="19"/>
    <property name="sun.java.launcher" value="SUN_STANDARD"/>
    <property name="user.country" value="TR"/>
    <property name="sun.boot.library.path" value="/Library/Java/JavaVirtualMachines/jdk-19.jdk/Contents/Home/lib"/>
    <property name="sun.java.command" value="/Users/irems-pc/Desktop/codinggg/java/kafka-java/target/surefire/surefirebooter-20250107141314795_3.jar /Users/irems-pc/Desktop/codinggg/java/kafka-java/target/surefire 2025-01-07T14-13-13_917-jvmRun1 surefire-20250107141314795_1tmp surefire_0-20250107141314795_2tmp"/>
    <property name="http.nonProxyHosts" value="local|*.local|169.254/16|*.169.254/16"/>
    <property name="jdk.debug" value="release"/>
    <property name="surefire.test.class.path" value="/Users/irems-pc/Desktop/codinggg/java/kafka-java/target/test-classes:/Users/irems-pc/Desktop/codinggg/java/kafka-java/target/classes:/Users/irems-pc/.m2/repository/junit/junit/3.8.1/junit-3.8.1.jar:/Users/irems-pc/.m2/repository/org/apache/kafka/kafka_2.13/3.7.2/kafka_2.13-3.7.2.jar:/Users/irems-pc/.m2/repository/org/apache/kafka/kafka-clients/3.7.2/kafka-clients-3.7.2.jar:/Users/irems-pc/.m2/repository/com/github/luben/zstd-jni/1.5.6-4/zstd-jni-1.5.6-4.jar:/Users/irems-pc/.m2/repository/org/lz4/lz4-java/1.8.0/lz4-java-1.8.0.jar:/Users/irems-pc/.m2/repository/org/xerial/snappy/snappy-java/1.1.10.5/snappy-java-1.1.10.5.jar:/Users/irems-pc/.m2/repository/org/scala-lang/scala-library/2.13.12/scala-library-2.13.12.jar:/Users/irems-pc/.m2/repository/org/apache/kafka/kafka-server-common/3.7.2/kafka-server-common-3.7.2.jar:/Users/irems-pc/.m2/repository/org/pcollections/pcollections/4.0.1/pcollections-4.0.1.jar:/Users/irems-pc/.m2/repository/org/apache/kafka/kafka-group-coordinator/3.7.2/kafka-group-coordinator-3.7.2.jar:/Users/irems-pc/.m2/repository/org/apache/kafka/kafka-metadata/3.7.2/kafka-metadata-3.7.2.jar:/Users/irems-pc/.m2/repository/org/apache/kafka/kafka-storage-api/3.7.2/kafka-storage-api-3.7.2.jar:/Users/irems-pc/.m2/repository/org/apache/kafka/kafka-tools-api/3.7.2/kafka-tools-api-3.7.2.jar:/Users/irems-pc/.m2/repository/org/apache/kafka/kafka-raft/3.7.2/kafka-raft-3.7.2.jar:/Users/irems-pc/.m2/repository/org/apache/kafka/kafka-storage/3.7.2/kafka-storage-3.7.2.jar:/Users/irems-pc/.m2/repository/com/github/ben-manes/caffeine/caffeine/2.9.3/caffeine-2.9.3.jar:/Users/irems-pc/.m2/repository/org/checkerframework/checker-qual/3.19.0/checker-qual-3.19.0.jar:/Users/irems-pc/.m2/repository/com/google/errorprone/error_prone_annotations/2.10.0/error_prone_annotations-2.10.0.jar:/Users/irems-pc/.m2/repository/org/apache/kafka/kafka-server/3.7.2/kafka-server-3.7.2.jar:/Users/irems-pc/.m2/repository/net/sourceforge/argparse4j/argparse4j/0.7.0/argparse4j-0.7.0.jar:/Users/irems-pc/.m2/repository/commons-validator/commons-validator/1.7/commons-validator-1.7.jar:/Users/irems-pc/.m2/repository/commons-beanutils/commons-beanutils/1.9.4/commons-beanutils-1.9.4.jar:/Users/irems-pc/.m2/repository/commons-digester/commons-digester/2.1/commons-digester-2.1.jar:/Users/irems-pc/.m2/repository/commons-logging/commons-logging/1.2/commons-logging-1.2.jar:/Users/irems-pc/.m2/repository/commons-collections/commons-collections/3.2.2/commons-collections-3.2.2.jar:/Users/irems-pc/.m2/repository/com/fasterxml/jackson/core/jackson-databind/2.16.2/jackson-databind-2.16.2.jar:/Users/irems-pc/.m2/repository/com/fasterxml/jackson/core/jackson-annotations/2.16.2/jackson-annotations-2.16.2.jar:/Users/irems-pc/.m2/repository/com/fasterxml/jackson/core/jackson-core/2.16.2/jackson-core-2.16.2.jar:/Users/irems-pc/.m2/repository/com/fasterxml/jackson/module/jackson-module-scala_2.13/2.16.2/jackson-module-scala_2.13-2.16.2.jar:/Users/irems-pc/.m2/repository/com/thoughtworks/paranamer/paranamer/2.8/paranamer-2.8.jar:/Users/irems-pc/.m2/repository/com/fasterxml/jackson/dataformat/jackson-dataformat-csv/2.16.2/jackson-dataformat-csv-2.16.2.jar:/Users/irems-pc/.m2/repository/com/fasterxml/jackson/datatype/jackson-datatype-jdk8/2.16.2/jackson-datatype-jdk8-2.16.2.jar:/Users/irems-pc/.m2/repository/net/sf/jopt-simple/jopt-simple/5.0.4/jopt-simple-5.0.4.jar:/Users/irems-pc/.m2/repository/org/bitbucket/b_c/jose4j/0.9.4/jose4j-0.9.4.jar:/Users/irems-pc/.m2/repository/com/yammer/metrics/metrics-core/2.2.0/metrics-core-2.2.0.jar:/Users/irems-pc/.m2/repository/org/scala-lang/modules/scala-collection-compat_2.13/2.10.0/scala-collection-compat_2.13-2.10.0.jar:/Users/irems-pc/.m2/repository/org/scala-lang/modules/scala-java8-compat_2.13/1.0.2/scala-java8-compat_2.13-1.0.2.jar:/Users/irems-pc/.m2/repository/org/scala-lang/scala-reflect/2.13.12/scala-reflect-2.13.12.jar:/Users/irems-pc/.m2/repository/com/typesafe/scala-logging/scala-logging_2.13/3.9.4/scala-logging_2.13-3.9.4.jar:/Users/irems-pc/.m2/repository/org/slf4j/slf4j-api/1.7.36/slf4j-api-1.7.36.jar:/Users/irems-pc/.m2/repository/commons-io/commons-io/2.14.0/commons-io-2.14.0.jar:/Users/irems-pc/.m2/repository/io/dropwizard/metrics/metrics-core/4.1.12.1/metrics-core-4.1.12.1.jar:/Users/irems-pc/.m2/repository/org/apache/zookeeper/zookeeper/3.8.4/zookeeper-3.8.4.jar:/Users/irems-pc/.m2/repository/org/apache/zookeeper/zookeeper-jute/3.8.4/zookeeper-jute-3.8.4.jar:/Users/irems-pc/.m2/repository/org/apache/yetus/audience-annotations/0.12.0/audience-annotations-0.12.0.jar:/Users/irems-pc/.m2/repository/io/netty/netty-handler/4.1.105.Final/netty-handler-4.1.105.Final.jar:/Users/irems-pc/.m2/repository/io/netty/netty-common/4.1.105.Final/netty-common-4.1.105.Final.jar:/Users/irems-pc/.m2/repository/io/netty/netty-resolver/4.1.105.Final/netty-resolver-4.1.105.Final.jar:/Users/irems-pc/.m2/repository/io/netty/netty-buffer/4.1.105.Final/netty-buffer-4.1.105.Final.jar:/Users/irems-pc/.m2/repository/io/netty/netty-transport/4.1.105.Final/netty-transport-4.1.105.Final.jar:/Users/irems-pc/.m2/repository/io/netty/netty-transport-native-unix-common/4.1.105.Final/netty-transport-native-unix-common-4.1.105.Final.jar:/Users/irems-pc/.m2/repository/io/netty/netty-codec/4.1.105.Final/netty-codec-4.1.105.Final.jar:/Users/irems-pc/.m2/repository/io/netty/netty-transport-native-epoll/4.1.105.Final/netty-transport-native-epoll-4.1.105.Final.jar:/Users/irems-pc/.m2/repository/io/netty/netty-transport-classes-epoll/4.1.105.Final/netty-transport-classes-epoll-4.1.105.Final.jar:/Users/irems-pc/.m2/repository/commons-cli/commons-cli/1.4/commons-cli-1.4.jar:"/>
    <property name="sun.cpu.endian" value="little"/>
    <property name="user.home" value="/Users/irems-pc"/>
    <property name="user.language" value="en"/>
    <property name="java.specification.vendor" value="Oracle Corporation"/>
    <property name="java.version.date" value="2022-10-18"/>
    <property name="java.home" value="/Library/Java/JavaVirtualMachines/jdk-19.jdk/Contents/Home"/>
    <property name="file.separator" value="/"/>
    <property name="basedir" value="/Users/irems-pc/Desktop/codinggg/java/kafka-java"/>
    <property name="java.vm.compressedOopsMode" value="Zero based"/>
    <property name="line.separator" value="&#10;"/>
    <property name="java.vm.specification.vendor" value="Oracle Corporation"/>
    <property name="java.specification.name" value="Java Platform API Specification"/>
    <property name="apple.awt.application.name" value="ForkedBooter"/>
    <property name="surefire.real.class.path" value="/Users/irems-pc/Desktop/codinggg/java/kafka-java/target/surefire/surefirebooter-20250107141314795_3.jar"/>
    <property name="sun.management.compiler" value="HotSpot 64-Bit Tiered Compilers"/>
    <property name="ftp.nonProxyHosts" value="local|*.local|169.254/16|*.169.254/16"/>
    <property name="java.runtime.version" value="19.0.1+10-21"/>
    <property name="user.name" value="irems-pc"/>
    <property name="stdout.encoding" value="UTF-8"/>
    <property name="path.separator" value=":"/>
    <property name="os.version" value="15.1.1"/>
    <property name="java.runtime.name" value="Java(TM) SE Runtime Environment"/>
    <property name="file.encoding" value="UTF-8"/>
    <property name="java.vm.name" value="Java HotSpot(TM) 64-Bit Server VM"/>
    <property name="localRepository" value="/Users/irems-pc/.m2/repository"/>
    <property name="java.vendor.url.bug" value="https://bugreport.java.com/bugreport/"/>
    <property name="java.io.tmpdir" value="/var/folders/jc/qt5z4s0d1mzgcjl3bl357y8c0000gn/T/"/>
    <property name="java.version" value="19.0.1"/>
    <property name="user.dir" value="/Users/irems-pc/Desktop/codinggg/java/kafka-java"/>
    <property name="os.arch" value="aarch64"/>
    <property name="java.vm.specification.name" value="Java Virtual Machine Specification"/>
    <property name="native.encoding" value="UTF-8"/>
    <property name="java.library.path" value="/Users/irems-pc/Library/Java/Extensions:/Library/Java/Extensions:/Network/Library/Java/Extensions:/System/Library/Java/Extensions:/usr/lib/java:."/>
    <property name="java.vm.info" value="mixed mode, sharing"/>
    <property name="stderr.encoding" value="UTF-8"/>
    <property name="java.vendor" value="Oracle Corporation"/>
    <property name="java.vm.version" value="19.0.1+10-21"/>
    <property name="sun.io.unicode.encoding" value="UnicodeBig"/>
    <property name="socksNonProxyHosts" value="local|*.local|169.254/16|*.169.254/16"/>
    <property name="java.class.version" value="63.0"/>
  </properties>
  <testcase name="testApp" classname="com.example.AppTest" time="0.002"/>
</testsuite>